SF:lib/controllers/map_controllers/map_controller.dart
DA:10,0
DA:17,0
DA:19,0
DA:20,0
DA:21,0
DA:22,0
DA:23,0
DA:24,0
DA:26,0
DA:27,0
DA:28,0
DA:32,0
DA:35,0
DA:37,0
DA:38,0
DA:41,0
LF:16
LH:0
end_of_record
SF:lib/controllers/pazar_yer_controllers/pazar_yeri_controller.dart
DA:239,1
DA:243,0
DA:244,0
DA:252,1
DA:254,1
DA:256,1
DA:257,1
DA:263,1
DA:264,2
DA:265,2
DA:268,2
DA:269,2
DA:271,2
DA:273,0
DA:274,0
DA:275,0
DA:276,0
DA:281,2
DA:285,1
DA:287,1
DA:297,2
DA:298,1
DA:299,4
DA:305,1
DA:306,2
DA:307,6
LF:26
LH:20
end_of_record
SF:lib/core/api/pazarYeri/pazar_yeri_api_service.dart
DA:38,0
DA:40,0
DA:42,0
DA:44,0
DA:45,0
DA:46,0
DA:47,0
DA:49,0
DA:52,0
DA:55,0
LF:10
LH:0
end_of_record
SF:lib/core/api/pazarYeri/pazar_yeri_api_model.dart
DA:13,1
DA:25,1
DA:26,2
DA:27,2
DA:28,2
DA:29,2
DA:30,2
DA:31,2
DA:32,2
DA:33,2
DA:34,2
DA:35,2
DA:38,0
DA:39,0
DA:40,0
DA:41,0
DA:42,0
DA:43,0
DA:44,0
DA:45,0
DA:46,0
DA:47,0
DA:48,0
DA:49,0
LF:24
LH:12
end_of_record
SF:lib/controllers/antik_yerler_controllers/antik_controller.dart
DA:102,1
DA:105,0
DA:106,0
DA:108,0
DA:110,0
DA:111,0
DA:114,1
DA:115,2
DA:116,2
DA:118,2
DA:119,2
DA:120,2
DA:121,1
DA:122,0
DA:123,0
DA:124,0
DA:125,0
DA:128,3
DA:130,2
LF:19
LH:10
end_of_record
SF:lib/core/api/antik_api/antik_model.dart
DA:8,0
DA:15,0
DA:16,0
DA:17,0
DA:18,0
DA:19,0
DA:20,0
DA:21,0
DA:22,0
DA:25,0
DA:28,0
DA:29,0
DA:30,0
DA:31,0
DA:32,0
DA:33,0
DA:34,0
DA:36,0
DA:53,1
DA:65,1
DA:66,3
DA:67,3
DA:68,3
DA:69,3
DA:70,3
DA:71,3
DA:72,2
DA:73,3
DA:74,3
DA:75,3
DA:78,1
DA:80,1
DA:81,1
DA:82,1
DA:84,1
DA:86,2
DA:89,0
DA:92,1
DA:93,1
DA:94,2
DA:95,2
DA:96,2
DA:97,2
DA:98,2
DA:99,2
DA:100,2
DA:101,2
DA:102,2
DA:103,2
LF:49
LH:30
end_of_record
SF:lib/core/api/antik_api/antik_service.dart
DA:36,0
DA:38,0
DA:41,0
DA:43,0
DA:44,0
DA:45,0
DA:46,0
DA:47,0
DA:51,0
DA:53,0
LF:10
LH:0
end_of_record
